<?xml version="1.0" encoding="UTF-8"?>
<!-- Generated by org.testng.reporters.JUnitReportReporter -->
<testsuite skipped="0" hostname="Mohits-MacBook-Pro.local" name="runnerTest.runner" tests="1" failures="0" timestamp="10 Oct 2020 22:44:50 GMT" time="89.575" errors="0">
  <testcase name="feature" time="89.575" classname="runnerTest.runner"/>
</testsuite> <!-- runnerTest.runner -->
